SF:lib/src/application/device_api.dart
DA:5,3
LF:1
LH:1
end_of_record
SF:lib/src/application/notification_repository.dart
DA:8,3
DA:20,3
DA:27,6
DA:29,3
DA:30,9
DA:31,15
DA:32,3
DA:33,3
DA:34,3
DA:35,9
DA:39,1
DA:40,7
DA:42,3
DA:44,3
DA:45,12
DA:46,9
DA:48,9
DA:49,9
DA:50,3
DA:55,2
DA:56,4
DA:57,4
DA:58,6
DA:59,6
DA:60,2
DA:64,3
DA:65,6
DA:66,6
DA:67,9
DA:69,3
DA:70,6
DA:71,3
DA:74,2
DA:75,4
DA:78,4
DA:79,8
DA:80,2
DA:85,3
DA:87,12
DA:88,9
DA:89,9
DA:90,6
DA:91,9
DA:92,6
DA:97,3
LF:45
LH:45
end_of_record
SF:lib/src/application/connection_controller.dart
DA:16,2
DA:37,4
DA:38,2
DA:41,2
DA:42,4
DA:43,6
DA:44,2
DA:45,2
DA:46,4
DA:48,2
DA:53,2
DA:60,4
DA:66,4
DA:67,2
DA:68,2
DA:69,4
DA:71,2
DA:72,2
DA:77,1
DA:78,1
DA:83,2
DA:84,0
DA:91,2
DA:93,2
DA:98,4
DA:100,8
DA:102,0
DA:103,0
DA:107,2
DA:108,2
DA:111,2
DA:113,4
DA:114,2
DA:116,2
DA:117,8
DA:118,8
DA:119,2
DA:120,7
DA:121,2
DA:124,1
DA:125,2
DA:126,2
DA:128,2
DA:131,2
DA:134,0
DA:139,2
DA:140,2
DA:141,7
DA:142,1
DA:143,1
DA:146,2
DA:149,2
DA:150,6
DA:153,2
DA:154,2
DA:157,2
DA:159,2
DA:162,2
DA:163,4
DA:164,2
LF:60
LH:56
end_of_record
SF:lib/src/infrastructure/hive_cache.dart
DA:14,1
DA:22,1
DA:23,2
DA:24,2
DA:25,1
DA:28,1
DA:30,5
DA:32,1
DA:33,1
DA:34,2
DA:35,2
DA:38,1
DA:39,3
DA:41,1
DA:43,3
DA:45,1
DA:47,4
DA:49,1
DA:51,2
DA:55,2
DA:58,1
DA:60,1
DA:61,1
DA:62,4
DA:65,1
DA:67,2
DA:71,3
LF:27
LH:27
end_of_record
SF:lib/src/infrastructure/dio_device_api.dart
DA:11,1
DA:13,2
DA:20,1
DA:27,2
DA:28,1
DA:29,1
DA:31,1
DA:32,1
DA:35,1
DA:36,1
DA:37,1
DA:41,1
DA:43,2
DA:44,3
DA:45,1
DA:46,1
DA:48,1
DA:49,1
DA:50,1
DA:51,1
DA:52,2
DA:53,1
DA:58,1
DA:61,2
DA:62,4
DA:63,1
DA:65,2
DA:68,1
DA:75,2
DA:76,4
DA:77,1
DA:78,1
DA:80,2
DA:83,1
DA:85,2
DA:86,1
DA:87,3
DA:88,4
DA:89,3
DA:90,1
DA:93,1
DA:94,4
LF:42
LH:42
end_of_record
SF:lib/src/app.dart
DA:12,4
DA:13,4
DA:15,1
DA:17,1
DA:18,2
DA:19,2
DA:20,1
DA:22,1
DA:23,3
DA:30,0
DA:32,1
DA:34,1
DA:36,1
DA:37,1
DA:40,2
DA:46,1
DA:47,1
DA:48,1
DA:49,1
DA:50,2
LF:20
LH:19
end_of_record
SF:lib/src/presentation/incident_details_screen.dart
DA:13,1
DA:17,1
DA:19,1
DA:28,1
DA:30,1
DA:31,1
DA:34,1
DA:35,1
DA:36,2
DA:37,3
DA:39,1
DA:40,2
DA:41,2
DA:42,1
DA:43,2
DA:44,1
DA:45,1
DA:48,0
DA:49,0
DA:53,1
DA:54,1
DA:55,2
DA:56,3
DA:60,2
DA:61,1
DA:62,1
DA:64,1
DA:65,2
DA:66,2
DA:67,1
DA:70,2
DA:71,1
DA:72,1
DA:75,2
DA:79,1
DA:81,1
DA:82,2
DA:83,3
DA:88,2
DA:89,3
DA:90,1
DA:91,1
DA:92,1
DA:94,1
DA:95,1
DA:96,1
DA:97,1
DA:99,1
DA:101,1
DA:102,1
DA:103,4
DA:104,1
DA:105,1
DA:106,1
DA:107,1
DA:110,2
DA:116,2
DA:117,4
DA:118,4
DA:119,5
DA:120,2
DA:121,4
DA:122,3
DA:124,4
DA:125,1
DA:126,1
DA:130,1
DA:131,0
DA:138,2
DA:139,1
DA:140,4
DA:143,2
DA:144,2
DA:145,3
DA:147,1
DA:148,1
DA:149,5
DA:150,1
DA:153,1
DA:155,1
DA:156,1
DA:157,1
DA:158,1
DA:160,3
DA:166,1
DA:167,1
DA:169,3
DA:177,1
DA:178,3
DA:181,3
DA:183,1
DA:184,0
DA:186,0
DA:187,0
DA:189,0
DA:197,2
DA:199,1
DA:201,1
DA:202,1
DA:204,1
DA:205,2
LF:101
LH:94
end_of_record
SF:lib/src/presentation/notification_center_screen.dart
DA:13,1
DA:15,1
DA:17,2
DA:18,2
DA:19,1
DA:20,1
DA:21,1
DA:22,3
DA:23,1
DA:24,1
DA:26,3
DA:30,1
DA:31,1
DA:32,2
DA:33,1
DA:36,1
DA:43,1
DA:44,1
DA:49,1
DA:51,1
DA:52,1
DA:53,2
DA:63,1
DA:67,1
DA:69,1
DA:70,1
DA:71,1
DA:72,1
DA:73,0
DA:75,1
DA:77,1
DA:78,1
DA:79,1
DA:85,1
DA:89,1
DA:91,2
DA:92,3
DA:93,2
DA:94,2
DA:96,10
DA:97,1
DA:98,3
DA:99,1
DA:102,2
DA:106,2
DA:107,3
DA:108,3
DA:109,1
DA:111,1
DA:112,4
DA:113,1
DA:115,2
DA:117,1
DA:119,1
DA:121,2
DA:122,2
DA:123,3
DA:129,1
DA:130,1
DA:131,1
DA:132,1
LF:61
LH:60
end_of_record
SF:lib/src/presentation/pairing_screen.dart
DA:11,1
DA:13,1
DA:14,1
DA:25,1
DA:27,2
DA:28,2
DA:29,2
DA:30,2
DA:31,1
DA:34,1
DA:35,2
DA:36,1
DA:37,1
DA:39,4
DA:40,3
DA:41,4
DA:42,3
DA:43,3
DA:45,1
DA:49,2
DA:51,2
DA:52,1
DA:53,1
DA:58,1
DA:60,1
DA:61,1
DA:62,1
DA:64,1
DA:66,1
DA:73,1
DA:75,1
DA:78,1
DA:80,1
DA:84,1
DA:86,1
DA:90,1
DA:92,1
DA:96,1
DA:98,2
DA:99,2
DA:101,1
DA:102,1
DA:104,1
DA:105,1
DA:107,4
LF:45
LH:45
end_of_record
SF:lib/src/providers.dart
DA:11,3
DA:13,3
DA:14,0
DA:17,2
DA:18,1
DA:19,4
DA:22,2
DA:23,1
DA:24,2
DA:25,2
DA:26,2
DA:29,3
LF:12
LH:11
end_of_record
